e:\cryoffear\source-sdk-2013\mp\src\game\client\release_mod_hl2mp\client.pch
e:\cryoffear\source-sdk-2013\mp\src\game\client\release_mod_hl2mp\vc120.pdb
e:\cryoffear\source-sdk-2013\mp\src\game\client\release_mod_hl2mp\stdafx.obj
e:\cryoffear\source-sdk-2013\mp\src\game\client\release_mod_hl2mp\cdll_replay.obj
e:\cryoffear\source-sdk-2013\mp\src\game\client\release_mod_hl2mp\alphamaterialproxy.obj
e:\cryoffear\source-sdk-2013\mp\src\game\client\release_mod_hl2mp\baseanimatedtextureproxy.obj
e:\cryoffear\source-sdk-2013\mp\src\game\client\release_mod_hl2mp\basecombatcharacter_shared.obj
e:\cryoffear\source-sdk-2013\mp\src\game\client\release_mod_hl2mp\basegrenade_shared.obj
e:\cryoffear\source-sdk-2013\mp\src\game\client\release_mod_hl2mp\baseviewmodel_shared.obj
e:\cryoffear\source-sdk-2013\mp\src\game\client\release_mod_hl2mp\c_basecombatcharacter.obj
e:\cryoffear\source-sdk-2013\mp\src\game\client\release_mod_hl2mp\c_baseentity.obj
e:\cryoffear\source-sdk-2013\mp\src\game\client\release_mod_hl2mp\c_env_screenoverlay.obj
e:\cryoffear\source-sdk-2013\mp\src\game\client\release_mod_hl2mp\c_func_conveyor.obj
e:\cryoffear\source-sdk-2013\mp\src\game\client\release_mod_hl2mp\c_func_monitor.obj
e:\cryoffear\source-sdk-2013\mp\src\game\client\release_mod_hl2mp\c_func_rotating.obj
e:\cryoffear\source-sdk-2013\mp\src\game\client\release_mod_hl2mp\c_hairball.obj
e:\cryoffear\source-sdk-2013\mp\src\game\client\release_mod_hl2mp\c_physmagnet.obj
e:\cryoffear\source-sdk-2013\mp\src\game\client\release_mod_hl2mp\c_props.obj
e:\cryoffear\source-sdk-2013\mp\src\game\client\release_mod_hl2mp\c_sprite_perfmonitor.obj
e:\cryoffear\source-sdk-2013\mp\src\game\client\release_mod_hl2mp\c_team_objectiveresource.obj
e:\cryoffear\source-sdk-2013\mp\src\game\client\release_mod_hl2mp\c_waterbullet.obj
e:\cryoffear\source-sdk-2013\mp\src\game\client\release_mod_hl2mp\cam_thirdperson.obj
e:\cryoffear\source-sdk-2013\mp\src\game\client\release_mod_hl2mp\cdll_bounded_cvars.obj
e:\cryoffear\source-sdk-2013\mp\src\game\client\release_mod_hl2mp\cdll_util.obj
e:\cryoffear\source-sdk-2013\mp\src\game\client\release_mod_hl2mp\clientsideeffects.obj
e:\cryoffear\source-sdk-2013\mp\src\game\client\release_mod_hl2mp\clientsideeffects_test.obj
e:\cryoffear\source-sdk-2013\mp\src\game\client\release_mod_hl2mp\collisionproperty.obj
e:\cryoffear\source-sdk-2013\mp\src\game\client\release_mod_hl2mp\decals.obj
e:\cryoffear\source-sdk-2013\mp\src\game\client\release_mod_hl2mp\entityparticletrail_shared.obj
e:\cryoffear\source-sdk-2013\mp\src\game\client\release_mod_hl2mp\eventlist.obj
e:\cryoffear\source-sdk-2013\mp\src\game\client\release_mod_hl2mp\func_ladder.obj
e:\cryoffear\source-sdk-2013\mp\src\game\client\release_mod_hl2mp\fx_quad.obj
e:\cryoffear\source-sdk-2013\mp\src\game\client\release_mod_hl2mp\fx_water.obj
e:\cryoffear\source-sdk-2013\mp\src\game\client\release_mod_hl2mp\gametrace_client.obj
e:\cryoffear\source-sdk-2013\mp\src\game\client\release_mod_hl2mp\gamevars_shared.obj
e:\cryoffear\source-sdk-2013\mp\src\game\client\release_mod_hl2mp\geiger.obj
e:\cryoffear\source-sdk-2013\mp\src\game\client\release_mod_hl2mp\hud_animationinfo.obj
e:\cryoffear\source-sdk-2013\mp\src\game\client\release_mod_hl2mp\hud_element_helper.obj
e:\cryoffear\source-sdk-2013\mp\src\game\client\release_mod_hl2mp\hud_hdrdemo.obj
e:\cryoffear\source-sdk-2013\mp\src\game\client\release_mod_hl2mp\hud_voicestatus.obj
e:\cryoffear\source-sdk-2013\mp\src\game\client\release_mod_hl2mp\rope_helpers.obj
e:\cryoffear\source-sdk-2013\mp\src\game\client\release_mod_hl2mp\sceneentity_shared.obj
e:\cryoffear\source-sdk-2013\mp\src\game\client\release_mod_hl2mp\sequence_transitioner.obj
e:\cryoffear\source-sdk-2013\mp\src\game\client\release_mod_hl2mp\simple_keys.obj
e:\cryoffear\source-sdk-2013\mp\src\game\client\release_mod_hl2mp\soundenvelope.obj
e:\cryoffear\source-sdk-2013\mp\src\game\client\release_mod_hl2mp\teamplay_gamerules.obj
e:\cryoffear\source-sdk-2013\mp\src\game\client\release_mod_hl2mp\text_message.obj
e:\cryoffear\source-sdk-2013\mp\src\game\client\release_mod_hl2mp\usercmd.obj
e:\cryoffear\source-sdk-2013\mp\src\game\client\release_mod_hl2mp\util_shared.obj
e:\cryoffear\source-sdk-2013\mp\src\game\client\release_mod_hl2mp\vgui_bitmapimage.obj
e:\cryoffear\source-sdk-2013\mp\src\game\client\release_mod_hl2mp\vgui_grid.obj
e:\cryoffear\source-sdk-2013\mp\src\game\client\release_mod_hl2mp\vgui_video.obj
e:\cryoffear\source-sdk-2013\mp\src\game\client\release_mod_hl2mp\viewconeimage.obj
e:\cryoffear\source-sdk-2013\mp\src\game\client\release_mod_hl2mp\basemodel_panel.obj
e:\cryoffear\source-sdk-2013\mp\src\game\client\release_mod_hl2mp\mapoverview.obj
e:\cryoffear\source-sdk-2013\mp\src\game\client\release_mod_hl2mp\c_basehelicopter.obj
e:\cryoffear\source-sdk-2013\mp\src\game\client\release_mod_hl2mp\c_env_alyxtemp.obj
e:\cryoffear\source-sdk-2013\mp\src\game\client\release_mod_hl2mp\c_info_teleporter_countdown.obj
e:\cryoffear\source-sdk-2013\mp\src\game\client\release_mod_hl2mp\hud_poisondamageindicator.obj
e:\cryoffear\source-sdk-2013\mp\src\game\client\release_mod_hl2mp\c_te_hl2mp_shotgun_shot.obj
e:\cryoffear\source-sdk-2013\mp\src\game\client\release_mod_hl2mp\hl2mp_player_shared.obj
e:\cryoffear\source-sdk-2013\mp\src\game\client\release_mod_hl2mp\hl2mpclientscoreboard.obj
e:\cryoffear\source-sdk-2013\mp\src\game\client\release_mod_hl2mp\weapon_frag.obj
e:\cryoffear\source-sdk-2013\mp\src\game\client\release_mod_hl2mp\weapon_pistol.obj
e:\cryoffear\source-sdk-2013\mp\src\game\client\release_mod_hl2mp\in_sixense.obj
e:\cryoffear\source-sdk-2013\mp\src\game\client\release_mod_hl2mp\in_sixense_gesture_bindings.obj
e:\cryoffear\source-sdk-2013\mp\src\game\client\release_mod_hl2mp\sixense_convars.obj
e:\cryoffear\source-sdk-2013\mp\src\game\client\release_mod_hl2mp\c_basetempentity.obj
e:\cryoffear\source-sdk-2013\mp\src\game\client\release_mod_hl2mp\c_particle_fire.obj
e:\cryoffear\source-sdk-2013\mp\src\game\client\release_mod_hl2mp\c_smoke_trail.obj
e:\cryoffear\source-sdk-2013\mp\src\game\client\release_mod_hl2mp\c_te_breakmodel.obj
e:\cryoffear\source-sdk-2013\mp\src\game\client\release_mod_hl2mp\c_te_effect_dispatch.obj
e:\cryoffear\source-sdk-2013\mp\src\game\client\release_mod_hl2mp\c_te_largefunnel.obj
e:\cryoffear\source-sdk-2013\mp\src\game\client\release_mod_hl2mp\c_te_playerdecal.obj
e:\cryoffear\source-sdk-2013\mp\src\game\client\release_mod_hl2mp\bonelist.obj
e:\cryoffear\source-sdk-2013\mp\src\game\client\release_mod_hl2mp\toolframework_client.obj
e:\cryoffear\source-sdk-2013\mp\src\game\client\release_mod_hl2mp\achievement_notification_panel.obj
e:\cryoffear\source-sdk-2013\mp\src\game\client\release_mod_hl2mp\c_baseplayer.obj
e:\cryoffear\source-sdk-2013\mp\src\game\client\release_mod_hl2mp\c_sceneentity.obj
e:\cryoffear\source-sdk-2013\mp\src\game\client\release_mod_hl2mp\clientshadowmgr.obj
e:\cryoffear\source-sdk-2013\mp\src\game\client\release_mod_hl2mp\env_wind_shared.obj
e:\cryoffear\source-sdk-2013\mp\src\game\client\release_mod_hl2mp\fx_cube.obj
e:\cryoffear\source-sdk-2013\mp\src\game\client\release_mod_hl2mp\fx_impact.obj
e:\cryoffear\source-sdk-2013\mp\src\game\client\release_mod_hl2mp\fx_trail.obj
e:\cryoffear\source-sdk-2013\mp\src\game\client\release_mod_hl2mp\gamestringpool.obj
e:\cryoffear\source-sdk-2013\mp\src\game\client\release_mod_hl2mp\glow_outline_effect.obj
e:\cryoffear\source-sdk-2013\mp\src\game\client\release_mod_hl2mp\haptic_msgs.obj
e:\cryoffear\source-sdk-2013\mp\src\game\client\release_mod_hl2mp\hintsystem.obj
e:\cryoffear\source-sdk-2013\mp\src\game\client\release_mod_hl2mp\hltvcamera.obj
e:\cryoffear\source-sdk-2013\mp\src\game\client\release_mod_hl2mp\hud_basechat.obj
e:\cryoffear\source-sdk-2013\mp\src\game\client\release_mod_hl2mp\hud_redraw.obj
e:\cryoffear\source-sdk-2013\mp\src\game\client\release_mod_hl2mp\lampbeamproxy.obj
e:\cryoffear\source-sdk-2013\mp\src\game\client\release_mod_hl2mp\message.obj
e:\cryoffear\source-sdk-2013\mp\src\game\client\release_mod_hl2mp\perfvisualbenchmark.obj
e:\cryoffear\source-sdk-2013\mp\src\game\client\release_mod_hl2mp\physics_main_shared.obj
e:\cryoffear\source-sdk-2013\mp\src\game\client\release_mod_hl2mp\singleplay_gamerules.obj
e:\cryoffear\source-sdk-2013\mp\src\game\client\release_mod_hl2mp\soundparametersinternal.obj
e:\cryoffear\source-sdk-2013\mp\src\game\client\release_mod_hl2mp\splinepatch.obj
e:\cryoffear\source-sdk-2013\mp\src\game\client\release_mod_hl2mp\spritetrail.obj
e:\cryoffear\source-sdk-2013\mp\src\game\client\release_mod_hl2mp\texturescrollmaterialproxy.obj
e:\cryoffear\source-sdk-2013\mp\src\game\client\release_mod_hl2mp\train.obj
e:\cryoffear\source-sdk-2013\mp\src\game\client\release_mod_hl2mp\vgui_centerstringpanel.obj
e:\cryoffear\source-sdk-2013\mp\src\game\client\release_mod_hl2mp\vgui_slideshow_display_screen.obj
e:\cryoffear\source-sdk-2013\mp\src\game\client\release_mod_hl2mp\view_scene.obj
e:\cryoffear\source-sdk-2013\mp\src\game\client\release_mod_hl2mp\viewrender.obj
e:\cryoffear\source-sdk-2013\mp\src\game\client\release_mod_hl2mp\c_corpse.obj
e:\cryoffear\source-sdk-2013\mp\src\game\client\release_mod_hl2mp\c_env_starfield.obj
e:\cryoffear\source-sdk-2013\mp\src\game\client\release_mod_hl2mp\c_npc_rollermine.obj
e:\cryoffear\source-sdk-2013\mp\src\game\client\release_mod_hl2mp\c_strider.obj
e:\cryoffear\source-sdk-2013\mp\src\game\client\release_mod_hl2mp\hl_prediction.obj
e:\cryoffear\source-sdk-2013\mp\src\game\client\release_mod_hl2mp\hud_damageindicator.obj
e:\cryoffear\source-sdk-2013\mp\src\game\client\release_mod_hl2mp\hud_weaponselection.obj
e:\cryoffear\source-sdk-2013\mp\src\game\client\release_mod_hl2mp\hl2mptextwindow.obj
e:\cryoffear\source-sdk-2013\mp\src\game\client\release_mod_hl2mp\weapon_smg1.obj
e:\cryoffear\source-sdk-2013\mp\src\game\client\release_mod_hl2mp\c_movie_explosion.obj
e:\cryoffear\source-sdk-2013\mp\src\game\client\release_mod_hl2mp\c_recipientfilter.obj
e:\cryoffear\source-sdk-2013\mp\src\game\client\release_mod_hl2mp\c_smokestack.obj
e:\cryoffear\source-sdk-2013\mp\src\game\client\release_mod_hl2mp\c_te_bloodstream.obj
e:\cryoffear\source-sdk-2013\mp\src\game\client\release_mod_hl2mp\c_te_clientprojectile.obj
e:\cryoffear\source-sdk-2013\mp\src\game\client\release_mod_hl2mp\c_te_footprint.obj
e:\cryoffear\source-sdk-2013\mp\src\game\client\release_mod_hl2mp\c_te_muzzleflash.obj
e:\cryoffear\source-sdk-2013\mp\src\game\client\release_mod_hl2mp\c_te_spritespray.obj
e:\cryoffear\source-sdk-2013\mp\src\game\client\release_mod_hl2mp\fx_envelope.obj
e:\cryoffear\source-sdk-2013\mp\src\game\client\release_mod_hl2mp\entity_client_tools.obj
e:\cryoffear\source-sdk-2013\mp\src\game\client\release_mod_hl2mp\replaycamera.obj
e:\cryoffear\source-sdk-2013\mp\src\game\client\release_mod_hl2mp\animatedtextureproxy.obj
e:\cryoffear\source-sdk-2013\mp\src\game\client\release_mod_hl2mp\baseachievement.obj
e:\cryoffear\source-sdk-2013\mp\src\game\client\release_mod_hl2mp\c_baseflex.obj
e:\cryoffear\source-sdk-2013\mp\src\game\client\release_mod_hl2mp\c_point_commentary_node.obj
e:\cryoffear\source-sdk-2013\mp\src\game\client\release_mod_hl2mp\classmap.obj
e:\cryoffear\source-sdk-2013\mp\src\game\client\release_mod_hl2mp\clienteffectprecachesystem.obj
e:\cryoffear\source-sdk-2013\mp\src\game\client\release_mod_hl2mp\clientleafsystem.obj
e:\cryoffear\source-sdk-2013\mp\src\game\client\release_mod_hl2mp\effectsclient.obj
e:\cryoffear\source-sdk-2013\mp\src\game\client\release_mod_hl2mp\entityoriginmaterialproxy.obj
e:\cryoffear\source-sdk-2013\mp\src\game\client\release_mod_hl2mp\flashlighteffect.obj
e:\cryoffear\source-sdk-2013\mp\src\game\client\release_mod_hl2mp\fx_explosion.obj
e:\cryoffear\source-sdk-2013\mp\src\game\client\release_mod_hl2mp\gamerules_register.obj
e:\cryoffear\source-sdk-2013\mp\src\game\client\release_mod_hl2mp\gamestats.obj
e:\cryoffear\source-sdk-2013\mp\src\game\client\release_mod_hl2mp\hud_basetimer.obj
e:\cryoffear\source-sdk-2013\mp\src\game\client\release_mod_hl2mp\hud_hintdisplay.obj
e:\cryoffear\source-sdk-2013\mp\src\game\client\release_mod_hl2mp\in_camera.obj
e:\cryoffear\source-sdk-2013\mp\src\game\client\release_mod_hl2mp\isnpcproxy.obj
e:\cryoffear\source-sdk-2013\mp\src\game\client\release_mod_hl2mp\matrixproxy.obj
e:\cryoffear\source-sdk-2013\mp\src\game\client\release_mod_hl2mp\mp_shareddefs.obj
e:\cryoffear\source-sdk-2013\mp\src\game\client\release_mod_hl2mp\obstacle_pushaway.obj
e:\cryoffear\source-sdk-2013\mp\src\game\client\release_mod_hl2mp\particle_collision.obj
e:\cryoffear\source-sdk-2013\mp\src\game\client\release_mod_hl2mp\particle_litsmokeemitter.obj
e:\cryoffear\source-sdk-2013\mp\src\game\client\release_mod_hl2mp\particle_proxies.obj
e:\cryoffear\source-sdk-2013\mp\src\game\client\release_mod_hl2mp\particle_simple3d.obj
e:\cryoffear\source-sdk-2013\mp\src\game\client\release_mod_hl2mp\particles_attractor.obj
e:\cryoffear\source-sdk-2013\mp\src\game\client\release_mod_hl2mp\particles_localspace.obj
e:\cryoffear\source-sdk-2013\mp\src\game\client\release_mod_hl2mp\particles_new.obj
e:\cryoffear\source-sdk-2013\mp\src\game\client\release_mod_hl2mp\physics_shared.obj
e:\cryoffear\source-sdk-2013\mp\src\game\client\release_mod_hl2mp\precache_register.obj
e:\cryoffear\source-sdk-2013\mp\src\game\client\release_mod_hl2mp\predictableid.obj
e:\cryoffear\source-sdk-2013\mp\src\game\client\release_mod_hl2mp\predictioncopy.obj
e:\cryoffear\source-sdk-2013\mp\src\game\client\release_mod_hl2mp\proxyplayer.obj
e:\cryoffear\source-sdk-2013\mp\src\game\client\release_mod_hl2mp\screenspaceeffects.obj
e:\cryoffear\source-sdk-2013\mp\src\game\client\release_mod_hl2mp\sprite.obj
e:\cryoffear\source-sdk-2013\mp\src\game\client\release_mod_hl2mp\test_ehandle.obj
e:\cryoffear\source-sdk-2013\mp\src\game\client\release_mod_hl2mp\toggletextureproxy.obj
e:\cryoffear\source-sdk-2013\mp\src\game\client\release_mod_hl2mp\vehicle_viewblend_shared.obj
e:\cryoffear\source-sdk-2013\mp\src\game\client\release_mod_hl2mp\vgui_avatarimage.obj
e:\cryoffear\source-sdk-2013\mp\src\game\client\release_mod_hl2mp\vgui_netgraphpanel.obj
e:\cryoffear\source-sdk-2013\mp\src\game\client\release_mod_hl2mp\viewangleanim.obj
e:\cryoffear\source-sdk-2013\mp\src\game\client\release_mod_hl2mp\warp_overlay.obj
e:\cryoffear\source-sdk-2013\mp\src\game\client\release_mod_hl2mp\worlddimsproxy.obj
e:\cryoffear\source-sdk-2013\mp\src\game\client\release_mod_hl2mp\basemodelpanel.obj
e:\cryoffear\source-sdk-2013\mp\src\game\client\release_mod_hl2mp\teammenu.obj
e:\cryoffear\source-sdk-2013\mp\src\game\client\release_mod_hl2mp\c_te_concussiveexplosion.obj
e:\cryoffear\source-sdk-2013\mp\src\game\client\release_mod_hl2mp\c_vehicle_cannon.obj
e:\cryoffear\source-sdk-2013\mp\src\game\client\release_mod_hl2mp\c_weapon_crossbow.obj
e:\cryoffear\source-sdk-2013\mp\src\game\client\release_mod_hl2mp\fx_bugbait.obj
e:\cryoffear\source-sdk-2013\mp\src\game\client\release_mod_hl2mp\hl2_gamerules.obj
e:\cryoffear\source-sdk-2013\mp\src\game\client\release_mod_hl2mp\hud_credits.obj
e:\cryoffear\source-sdk-2013\mp\src\game\client\release_mod_hl2mp\script_intro_shared.obj
e:\cryoffear\source-sdk-2013\mp\src\game\client\release_mod_hl2mp\shieldproxy.obj
e:\cryoffear\source-sdk-2013\mp\src\game\client\release_mod_hl2mp\vgui_rootpanel_hl2.obj
e:\cryoffear\source-sdk-2013\mp\src\game\client\release_mod_hl2mp\c_hl2mp_player.obj
e:\cryoffear\source-sdk-2013\mp\src\game\client\release_mod_hl2mp\hl2mp_hud_target_id.obj
e:\cryoffear\source-sdk-2013\mp\src\game\client\release_mod_hl2mp\weapon_ar2.obj
e:\cryoffear\source-sdk-2013\mp\src\game\client\release_mod_hl2mp\weapon_hl2mpbase_machinegun.obj
e:\cryoffear\source-sdk-2013\mp\src\game\client\release_mod_hl2mp\weapon_physcannon.obj
e:\cryoffear\source-sdk-2013\mp\src\game\client\release_mod_hl2mp\c_te.obj
e:\cryoffear\source-sdk-2013\mp\src\game\client\release_mod_hl2mp\c_te_basebeam.obj
e:\cryoffear\source-sdk-2013\mp\src\game\client\release_mod_hl2mp\c_te_beamentpoint.obj
e:\cryoffear\source-sdk-2013\mp\src\game\client\release_mod_hl2mp\c_te_beamlaser.obj
e:\cryoffear\source-sdk-2013\mp\src\game\client\release_mod_hl2mp\c_te_bloodsprite.obj
e:\cryoffear\source-sdk-2013\mp\src\game\client\release_mod_hl2mp\c_te_dynamiclight.obj
e:\cryoffear\source-sdk-2013\mp\src\game\client\release_mod_hl2mp\c_te_glowsprite.obj
e:\cryoffear\source-sdk-2013\mp\src\game\client\release_mod_hl2mp\c_te_smoke.obj
e:\cryoffear\source-sdk-2013\mp\src\game\client\release_mod_hl2mp\fx.obj
e:\cryoffear\source-sdk-2013\mp\src\game\client\release_mod_hl2mp\achievement_saverestore.obj
e:\cryoffear\source-sdk-2013\mp\src\game\client\release_mod_hl2mp\ammodef.obj
e:\cryoffear\source-sdk-2013\mp\src\game\client\release_mod_hl2mp\animatespecifictextureproxy.obj
e:\cryoffear\source-sdk-2013\mp\src\game\client\release_mod_hl2mp\baseclientrendertargets.obj
e:\cryoffear\source-sdk-2013\mp\src\game\client\release_mod_hl2mp\basecombatweapon_shared.obj
e:\cryoffear\source-sdk-2013\mp\src\game\client\release_mod_hl2mp\beam_shared.obj
e:\cryoffear\source-sdk-2013\mp\src\game\client\release_mod_hl2mp\c_basedoor.obj
e:\cryoffear\source-sdk-2013\mp\src\game\client\release_mod_hl2mp\c_baseviewmodel.obj
e:\cryoffear\source-sdk-2013\mp\src\game\client\release_mod_hl2mp\c_breakableprop.obj
e:\cryoffear\source-sdk-2013\mp\src\game\client\release_mod_hl2mp\c_dynamiclight.obj
e:\cryoffear\source-sdk-2013\mp\src\game\client\release_mod_hl2mp\c_entityparticletrail.obj
e:\cryoffear\source-sdk-2013\mp\src\game\client\release_mod_hl2mp\c_env_tonemap_controller.obj
e:\cryoffear\source-sdk-2013\mp\src\game\client\release_mod_hl2mp\c_func_breakablesurf.obj
e:\cryoffear\source-sdk-2013\mp\src\game\client\release_mod_hl2mp\c_func_smokevolume.obj
e:\cryoffear\source-sdk-2013\mp\src\game\client\release_mod_hl2mp\c_materialmodifycontrol.obj
e:\cryoffear\source-sdk-2013\mp\src\game\client\release_mod_hl2mp\c_playerresource.obj
e:\cryoffear\source-sdk-2013\mp\src\game\client\release_mod_hl2mp\c_shadowcontrol.obj
e:\cryoffear\source-sdk-2013\mp\src\game\client\release_mod_hl2mp\c_spotlight_end.obj
e:\cryoffear\source-sdk-2013\mp\src\game\client\release_mod_hl2mp\c_sprite.obj
e:\cryoffear\source-sdk-2013\mp\src\game\client\release_mod_hl2mp\c_user_message_register.obj
e:\cryoffear\source-sdk-2013\mp\src\game\client\release_mod_hl2mp\c_vote_controller.obj
e:\cryoffear\source-sdk-2013\mp\src\game\client\release_mod_hl2mp\clientsteamcontext.obj
e:\cryoffear\source-sdk-2013\mp\src\game\client\release_mod_hl2mp\dummyproxy.obj
e:\cryoffear\source-sdk-2013\mp\src\game\client\release_mod_hl2mp\effect_dispatch_data.obj
e:\cryoffear\source-sdk-2013\mp\src\game\client\release_mod_hl2mp\ehandle.obj
e:\cryoffear\source-sdk-2013\mp\src\game\client\release_mod_hl2mp\entitylist_base.obj
e:\cryoffear\source-sdk-2013\mp\src\game\client\release_mod_hl2mp\env_detail_controller.obj
e:\cryoffear\source-sdk-2013\mp\src\game\client\release_mod_hl2mp\functionproxy.obj
e:\cryoffear\source-sdk-2013\mp\src\game\client\release_mod_hl2mp\fx_blood.obj
e:\cryoffear\source-sdk-2013\mp\src\game\client\release_mod_hl2mp\fx_tracer.obj
e:\cryoffear\source-sdk-2013\mp\src\game\client\release_mod_hl2mp\gamerules.obj
e:\cryoffear\source-sdk-2013\mp\src\game\client\release_mod_hl2mp\haptic_utils.obj
e:\cryoffear\source-sdk-2013\mp\src\game\client\release_mod_hl2mp\hud.obj
e:\cryoffear\source-sdk-2013\mp\src\game\client\release_mod_hl2mp\hud_numericdisplay.obj
e:\cryoffear\source-sdk-2013\mp\src\game\client\release_mod_hl2mp\igamesystem.obj
e:\cryoffear\source-sdk-2013\mp\src\game\client\release_mod_hl2mp\in_joystick.obj
e:\cryoffear\source-sdk-2013\mp\src\game\client\release_mod_hl2mp\lamphaloproxy.obj
e:\cryoffear\source-sdk-2013\mp\src\game\client\release_mod_hl2mp\movevars_shared.obj
e:\cryoffear\source-sdk-2013\mp\src\game\client\release_mod_hl2mp\multiplay_gamerules.obj
e:\cryoffear\source-sdk-2013\mp\src\game\client\release_mod_hl2mp\particle_property.obj
e:\cryoffear\source-sdk-2013\mp\src\game\client\release_mod_hl2mp\particlemgr.obj
e:\cryoffear\source-sdk-2013\mp\src\game\client\release_mod_hl2mp\props_shared.obj
e:\cryoffear\source-sdk-2013\mp\src\game\client\release_mod_hl2mp\simtimer.obj
e:\cryoffear\source-sdk-2013\mp\src\game\client\release_mod_hl2mp\soundemittersystem.obj
e:\cryoffear\source-sdk-2013\mp\src\game\client\release_mod_hl2mp\vgui_bitmappanel.obj
e:\cryoffear\source-sdk-2013\mp\src\game\client\release_mod_hl2mp\vgui_messagechars.obj
e:\cryoffear\source-sdk-2013\mp\src\game\client\release_mod_hl2mp\vgui_video_player.obj
e:\cryoffear\source-sdk-2013\mp\src\game\client\release_mod_hl2mp\viewpostprocess.obj
e:\cryoffear\source-sdk-2013\mp\src\game\client\release_mod_hl2mp\clientscoreboarddialog.obj
e:\cryoffear\source-sdk-2013\mp\src\game\client\release_mod_hl2mp\vguitextwindow.obj
e:\cryoffear\source-sdk-2013\mp\src\game\client\release_mod_hl2mp\c_weapon__stubs_hl2.obj
e:\cryoffear\source-sdk-2013\mp\src\game\client\release_mod_hl2mp\hl2_clientmode.obj
e:\cryoffear\source-sdk-2013\mp\src\game\client\release_mod_hl2mp\hl2mp_gamerules.obj
e:\cryoffear\source-sdk-2013\mp\src\game\client\release_mod_hl2mp\hud_deathnotice.obj
e:\cryoffear\source-sdk-2013\mp\src\game\client\release_mod_hl2mp\weapon_stunstick.obj
e:\cryoffear\source-sdk-2013\mp\src\game\client\release_mod_hl2mp\c_te_armorricochet.obj
e:\cryoffear\source-sdk-2013\mp\src\game\client\release_mod_hl2mp\c_te_beamfollow.obj
e:\cryoffear\source-sdk-2013\mp\src\game\client\release_mod_hl2mp\c_te_beamringpoint.obj
e:\cryoffear\source-sdk-2013\mp\src\game\client\release_mod_hl2mp\c_te_bubbles.obj
e:\cryoffear\source-sdk-2013\mp\src\game\client\release_mod_hl2mp\c_te_energysplash.obj
e:\cryoffear\source-sdk-2013\mp\src\game\client\release_mod_hl2mp\c_te_impact.obj
e:\cryoffear\source-sdk-2013\mp\src\game\client\release_mod_hl2mp\c_te_particlesystem.obj
e:\cryoffear\source-sdk-2013\mp\src\game\client\release_mod_hl2mp\c_te_sprite.obj
e:\cryoffear\source-sdk-2013\mp\src\game\client\release_mod_hl2mp\fx_sparks.obj
e:\cryoffear\source-sdk-2013\mp\src\game\client\release_mod_hl2mp\mp3player.obj
e:\cryoffear\source-sdk-2013\mp\src\game\client\release_mod_hl2mp\animatedentitytextureproxy.obj
e:\cryoffear\source-sdk-2013\mp\src\game\client\release_mod_hl2mp\animation.obj
e:\cryoffear\source-sdk-2013\mp\src\game\client\release_mod_hl2mp\baseentity_shared.obj
e:\cryoffear\source-sdk-2013\mp\src\game\client\release_mod_hl2mp\baseplayer_shared.obj
e:\cryoffear\source-sdk-2013\mp\src\game\client\release_mod_hl2mp\c_baseanimatingoverlay.obj
e:\cryoffear\source-sdk-2013\mp\src\game\client\release_mod_hl2mp\c_colorcorrection.obj
e:\cryoffear\source-sdk-2013\mp\src\game\client\release_mod_hl2mp\c_entitydissolve.obj
e:\cryoffear\source-sdk-2013\mp\src\game\client\release_mod_hl2mp\c_fish.obj
e:\cryoffear\source-sdk-2013\mp\src\game\client\release_mod_hl2mp\c_func_lod.obj
e:\cryoffear\source-sdk-2013\mp\src\game\client\release_mod_hl2mp\c_func_occluder.obj
e:\cryoffear\source-sdk-2013\mp\src\game\client\release_mod_hl2mp\c_func_tracktrain.obj
e:\cryoffear\source-sdk-2013\mp\src\game\client\release_mod_hl2mp\c_info_overlay_accessor.obj
e:\cryoffear\source-sdk-2013\mp\src\game\client\release_mod_hl2mp\c_particle_system.obj
e:\cryoffear\source-sdk-2013\mp\src\game\client\release_mod_hl2mp\c_point_camera.obj
e:\cryoffear\source-sdk-2013\mp\src\game\client\release_mod_hl2mp\c_ragdoll_manager.obj
e:\cryoffear\source-sdk-2013\mp\src\game\client\release_mod_hl2mp\c_soundscape.obj
e:\cryoffear\source-sdk-2013\mp\src\game\client\release_mod_hl2mp\c_test_proxytoggle.obj
e:\cryoffear\source-sdk-2013\mp\src\game\client\release_mod_hl2mp\c_vguiscreen.obj
e:\cryoffear\source-sdk-2013\mp\src\game\client\release_mod_hl2mp\commentary_modelviewer.obj
e:\cryoffear\source-sdk-2013\mp\src\game\client\release_mod_hl2mp\hud_autoaim.obj
e:\cryoffear\source-sdk-2013\mp\src\game\client\release_mod_hl2mp\hud_filmdemo.obj
e:\cryoffear\source-sdk-2013\mp\src\game\client\release_mod_hl2mp\hud_vehicle.obj
e:\cryoffear\source-sdk-2013\mp\src\game\client\release_mod_hl2mp\mathproxy.obj
e:\cryoffear\source-sdk-2013\mp\src\game\client\release_mod_hl2mp\panelmetaclassmgr.obj
e:\cryoffear\source-sdk-2013\mp\src\game\client\release_mod_hl2mp\playerandobjectenumerator.obj
e:\cryoffear\source-sdk-2013\mp\src\game\client\release_mod_hl2mp\playerspawncache.obj
e:\cryoffear\source-sdk-2013\mp\src\game\client\release_mod_hl2mp\point_bonusmaps_accessor.obj
e:\cryoffear\source-sdk-2013\mp\src\game\client\release_mod_hl2mp\point_posecontroller.obj
e:\cryoffear\source-sdk-2013\mp\src\game\client\release_mod_hl2mp\predicted_viewmodel.obj
e:\cryoffear\source-sdk-2013\mp\src\game\client\release_mod_hl2mp\ragdoll.obj
e:\cryoffear\source-sdk-2013\mp\src\game\client\release_mod_hl2mp\takedamageinfo.obj
e:\cryoffear\source-sdk-2013\mp\src\game\client\release_mod_hl2mp\teamplay_round_timer.obj
e:\cryoffear\source-sdk-2013\mp\src\game\client\release_mod_hl2mp\vgui_consolepanel.obj
e:\cryoffear\source-sdk-2013\mp\src\game\client\release_mod_hl2mp\vgui_fpspanel.obj
e:\cryoffear\source-sdk-2013\mp\src\game\client\release_mod_hl2mp\view_effects.obj
e:\cryoffear\source-sdk-2013\mp\src\game\client\release_mod_hl2mp\weapon_parse.obj
e:\cryoffear\source-sdk-2013\mp\src\game\client\release_mod_hl2mp\baseviewport.obj
e:\cryoffear\source-sdk-2013\mp\src\game\client\release_mod_hl2mp\c_citadel_effects.obj
e:\cryoffear\source-sdk-2013\mp\src\game\client\release_mod_hl2mp\c_func_tankmortar.obj
e:\cryoffear\source-sdk-2013\mp\src\game\client\release_mod_hl2mp\c_npc_manhack.obj
e:\cryoffear\source-sdk-2013\mp\src\game\client\release_mod_hl2mp\c_rotorwash.obj
e:\cryoffear\source-sdk-2013\mp\src\game\client\release_mod_hl2mp\c_thumper_dust.obj
e:\cryoffear\source-sdk-2013\mp\src\game\client\release_mod_hl2mp\c_vehicle_crane.obj
e:\cryoffear\source-sdk-2013\mp\src\game\client\release_mod_hl2mp\env_headcrabcanister_shared.obj
e:\cryoffear\source-sdk-2013\mp\src\game\client\release_mod_hl2mp\fx_hl2_tracers.obj
e:\cryoffear\source-sdk-2013\mp\src\game\client\release_mod_hl2mp\hud_blood.obj
e:\cryoffear\source-sdk-2013\mp\src\game\client\release_mod_hl2mp\hud_flashlight.obj
e:\cryoffear\source-sdk-2013\mp\src\game\client\release_mod_hl2mp\hud_suitpower.obj
e:\cryoffear\source-sdk-2013\mp\src\game\client\release_mod_hl2mp\hl2mp_hud_chat.obj
e:\cryoffear\source-sdk-2013\mp\src\game\client\release_mod_hl2mp\weapon_hl2mpbasehlmpcombatweapon.obj
e:\cryoffear\source-sdk-2013\mp\src\game\client\release_mod_hl2mp\weapon_shotgun.obj
e:\cryoffear\source-sdk-2013\mp\src\game\client\release_mod_hl2mp\c_effects.obj
e:\cryoffear\source-sdk-2013\mp\src\game\client\release_mod_hl2mp\c_te_bubbletrail.obj
e:\cryoffear\source-sdk-2013\mp\src\game\client\release_mod_hl2mp\c_te_fizz.obj
e:\cryoffear\source-sdk-2013\mp\src\game\client\release_mod_hl2mp\c_te_legacytempents.obj
e:\cryoffear\source-sdk-2013\mp\src\game\client\release_mod_hl2mp\achievements_hlx.obj
e:\cryoffear\source-sdk-2013\mp\src\game\client\release_mod_hl2mp\animatedoffsettextureproxy.obj
e:\cryoffear\source-sdk-2013\mp\src\game\client\release_mod_hl2mp\base_playeranimstate.obj
e:\cryoffear\source-sdk-2013\mp\src\game\client\release_mod_hl2mp\baseparticleentity.obj
e:\cryoffear\source-sdk-2013\mp\src\game\client\release_mod_hl2mp\baseprojectile.obj
e:\cryoffear\source-sdk-2013\mp\src\game\client\release_mod_hl2mp\bone_accessor.obj
e:\cryoffear\source-sdk-2013\mp\src\game\client\release_mod_hl2mp\bone_merge_cache.obj
e:\cryoffear\source-sdk-2013\mp\src\game\client\release_mod_hl2mp\c_ai_basehumanoid.obj
e:\cryoffear\source-sdk-2013\mp\src\game\client\release_mod_hl2mp\c_baseanimating.obj
e:\cryoffear\source-sdk-2013\mp\src\game\client\release_mod_hl2mp\c_pixel_visibility.obj
e:\cryoffear\source-sdk-2013\mp\src\game\client\release_mod_hl2mp\c_team.obj
e:\cryoffear\source-sdk-2013\mp\src\game\client\release_mod_hl2mp\c_tesla.obj
e:\cryoffear\source-sdk-2013\mp\src\game\client\release_mod_hl2mp\c_vehicle_jeep.obj
e:\cryoffear\source-sdk-2013\mp\src\game\client\release_mod_hl2mp\c_world.obj
e:\cryoffear\source-sdk-2013\mp\src\game\client\release_mod_hl2mp\client_factorylist.obj
e:\cryoffear\source-sdk-2013\mp\src\game\client\release_mod_hl2mp\client_virtualreality.obj
e:\cryoffear\source-sdk-2013\mp\src\game\client\release_mod_hl2mp\colorcorrectionmgr.obj
e:\cryoffear\source-sdk-2013\mp\src\game\client\release_mod_hl2mp\death_pose.obj
e:\cryoffear\source-sdk-2013\mp\src\game\client\release_mod_hl2mp\debugoverlay_shared.obj
e:\cryoffear\source-sdk-2013\mp\src\game\client\release_mod_hl2mp\detailobjectsystem.obj
e:\cryoffear\source-sdk-2013\mp\src\game\client\release_mod_hl2mp\fx_fleck.obj
e:\cryoffear\source-sdk-2013\mp\src\game\client\release_mod_hl2mp\fx_interpvalue.obj
e:\cryoffear\source-sdk-2013\mp\src\game\client\release_mod_hl2mp\fx_shelleject.obj
e:\cryoffear\source-sdk-2013\mp\src\game\client\release_mod_hl2mp\fx_staticline.obj
e:\cryoffear\source-sdk-2013\mp\src\game\client\release_mod_hl2mp\gamemovement.obj
e:\cryoffear\source-sdk-2013\mp\src\game\client\release_mod_hl2mp\glow_overlay.obj
e:\cryoffear\source-sdk-2013\mp\src\game\client\release_mod_hl2mp\hintmessage.obj
e:\cryoffear\source-sdk-2013\mp\src\game\client\release_mod_hl2mp\history_resource.obj
e:\cryoffear\source-sdk-2013\mp\src\game\client\release_mod_hl2mp\hud_crosshair.obj
e:\cryoffear\source-sdk-2013\mp\src\game\client\release_mod_hl2mp\hud_pdump.obj
e:\cryoffear\source-sdk-2013\mp\src\game\client\release_mod_hl2mp\initializer.obj
e:\cryoffear\source-sdk-2013\mp\src\game\client\release_mod_hl2mp\interpolatedvar.obj
e:\cryoffear\source-sdk-2013\mp\src\game\client\release_mod_hl2mp\mapentities_shared.obj
e:\cryoffear\source-sdk-2013\mp\src\game\client\release_mod_hl2mp\movehelper_client.obj
e:\cryoffear\source-sdk-2013\mp\src\game\client\release_mod_hl2mp\particle_parse.obj
e:\cryoffear\source-sdk-2013\mp\src\game\client\release_mod_hl2mp\particles_ez.obj
e:\cryoffear\source-sdk-2013\mp\src\game\client\release_mod_hl2mp\particles_simple.obj
e:\cryoffear\source-sdk-2013\mp\src\game\client\release_mod_hl2mp\physics_saverestore.obj
e:\cryoffear\source-sdk-2013\mp\src\game\client\release_mod_hl2mp\proxypupil.obj
e:\cryoffear\source-sdk-2013\mp\src\game\client\release_mod_hl2mp\recvproxy.obj
e:\cryoffear\source-sdk-2013\mp\src\game\client\release_mod_hl2mp\saverestore.obj
e:\cryoffear\source-sdk-2013\mp\src\game\client\release_mod_hl2mp\teamplayroundbased_gamerules.obj
e:\cryoffear\source-sdk-2013\mp\src\game\client\release_mod_hl2mp\vgui_game_viewport.obj
e:\cryoffear\source-sdk-2013\mp\src\game\client\release_mod_hl2mp\vgui_loadingdiscpanel.obj
e:\cryoffear\source-sdk-2013\mp\src\game\client\release_mod_hl2mp\view.obj
e:\cryoffear\source-sdk-2013\mp\src\game\client\release_mod_hl2mp\voice_banmgr.obj
e:\cryoffear\source-sdk-2013\mp\src\game\client\release_mod_hl2mp\weapons_resource.obj
e:\cryoffear\source-sdk-2013\mp\src\game\client\release_mod_hl2mp\commandmenu.obj
e:\cryoffear\source-sdk-2013\mp\src\game\client\release_mod_hl2mp\spectatorgui.obj
e:\cryoffear\source-sdk-2013\mp\src\game\client\release_mod_hl2mp\c_npc_antlionguard.obj
e:\cryoffear\source-sdk-2013\mp\src\game\client\release_mod_hl2mp\c_prop_combine_ball.obj
e:\cryoffear\source-sdk-2013\mp\src\game\client\release_mod_hl2mp\c_te_flare.obj
e:\cryoffear\source-sdk-2013\mp\src\game\client\release_mod_hl2mp\c_vort_charge_token.obj
e:\cryoffear\source-sdk-2013\mp\src\game\client\release_mod_hl2mp\fx_hl2_impacts.obj
e:\cryoffear\source-sdk-2013\mp\src\game\client\release_mod_hl2mp\hl_gamemovement.obj
e:\cryoffear\source-sdk-2013\mp\src\game\client\release_mod_hl2mp\hud_health.obj
e:\cryoffear\source-sdk-2013\mp\src\game\client\release_mod_hl2mp\hud_zoom.obj
e:\cryoffear\source-sdk-2013\mp\src\game\client\release_mod_hl2mp\hl2mp_hud_team.obj
e:\cryoffear\source-sdk-2013\mp\src\game\client\release_mod_hl2mp\weapon_crowbar.obj
e:\cryoffear\source-sdk-2013\mp\src\game\client\release_mod_hl2mp\weapon_hl2mpbasebasebludgeon.obj
e:\cryoffear\source-sdk-2013\mp\src\game\client\release_mod_hl2mp\weapon_rpg.obj
e:\cryoffear\source-sdk-2013\mp\src\game\client\release_mod_hl2mp\c_impact_effects.obj
e:\cryoffear\source-sdk-2013\mp\src\game\client\release_mod_hl2mp\c_steamjet.obj
e:\cryoffear\source-sdk-2013\mp\src\game\client\release_mod_hl2mp\c_te_beaments.obj
e:\cryoffear\source-sdk-2013\mp\src\game\client\release_mod_hl2mp\c_te_beamring.obj
e:\cryoffear\source-sdk-2013\mp\src\game\client\release_mod_hl2mp\c_te_bspdecal.obj
e:\cryoffear\source-sdk-2013\mp\src\game\client\release_mod_hl2mp\c_te_explosion.obj
e:\cryoffear\source-sdk-2013\mp\src\game\client\release_mod_hl2mp\c_te_projecteddecal.obj
e:\cryoffear\source-sdk-2013\mp\src\game\client\release_mod_hl2mp\c_testtraceline.obj
e:\cryoffear\source-sdk-2013\mp\src\game\client\release_mod_hl2mp\particlesphererenderer.obj
e:\cryoffear\source-sdk-2013\mp\src\game\client\release_mod_hl2mp\achievementmgr.obj
e:\cryoffear\source-sdk-2013\mp\src\game\client\release_mod_hl2mp\c_colorcorrectionvolume.obj
e:\cryoffear\source-sdk-2013\mp\src\game\client\release_mod_hl2mp\c_env_particlescript.obj
e:\cryoffear\source-sdk-2013\mp\src\game\client\release_mod_hl2mp\c_func_areaportalwindow.obj
e:\cryoffear\source-sdk-2013\mp\src\game\client\release_mod_hl2mp\c_func_dust.obj
e:\cryoffear\source-sdk-2013\mp\src\game\client\release_mod_hl2mp\c_lightglow.obj
e:\cryoffear\source-sdk-2013\mp\src\game\client\release_mod_hl2mp\c_physicsprop.obj
e:\cryoffear\source-sdk-2013\mp\src\game\client\release_mod_hl2mp\c_rumble.obj
e:\cryoffear\source-sdk-2013\mp\src\game\client\release_mod_hl2mp\c_slideshow_display.obj
e:\cryoffear\source-sdk-2013\mp\src\game\client\release_mod_hl2mp\c_sun.obj
e:\cryoffear\source-sdk-2013\mp\src\game\client\release_mod_hl2mp\c_team_train_watcher.obj
e:\cryoffear\source-sdk-2013\mp\src\game\client\release_mod_hl2mp\c_vehicle_choreo_generic.obj
e:\cryoffear\source-sdk-2013\mp\src\game\client\release_mod_hl2mp\camomaterialproxy.obj
e:\cryoffear\source-sdk-2013\mp\src\game\client\release_mod_hl2mp\cl_mat_stub.obj
e:\cryoffear\source-sdk-2013\mp\src\game\client\release_mod_hl2mp\client_thinklist.obj
e:\cryoffear\source-sdk-2013\mp\src\game\client\release_mod_hl2mp\cliententitylist.obj
e:\cryoffear\source-sdk-2013\mp\src\game\client\release_mod_hl2mp\clientmode_shared.obj
e:\cryoffear\source-sdk-2013\mp\src\game\client\release_mod_hl2mp\hud_bitmapnumericdisplay.obj
e:\cryoffear\source-sdk-2013\mp\src\game\client\release_mod_hl2mp\hud_msg.obj
e:\cryoffear\source-sdk-2013\mp\src\game\client\release_mod_hl2mp\hud_weapon.obj
e:\cryoffear\source-sdk-2013\mp\src\game\client\release_mod_hl2mp\menu.obj
e:\cryoffear\source-sdk-2013\mp\src\game\client\release_mod_hl2mp\physics_main_client.obj
e:\cryoffear\source-sdk-2013\mp\src\game\client\release_mod_hl2mp\physpropclientside.obj
e:\cryoffear\source-sdk-2013\mp\src\game\client\release_mod_hl2mp\proxyentity.obj
e:\cryoffear\source-sdk-2013\mp\src\game\client\release_mod_hl2mp\proxyhealth.obj
e:\cryoffear\source-sdk-2013\mp\src\game\client\release_mod_hl2mp\ragdoll_shared.obj
e:\cryoffear\source-sdk-2013\mp\src\game\client\release_mod_hl2mp\spritemodel.obj
e:\cryoffear\source-sdk-2013\mp\src\game\client\release_mod_hl2mp\timematerialproxy.obj
e:\cryoffear\source-sdk-2013\mp\src\game\client\release_mod_hl2mp\usermessages.obj
e:\cryoffear\source-sdk-2013\mp\src\game\client\release_mod_hl2mp\vgui_basepanel.obj
e:\cryoffear\source-sdk-2013\mp\src\game\client\release_mod_hl2mp\vgui_debugoverlaypanel.obj
e:\cryoffear\source-sdk-2013\mp\src\game\client\release_mod_hl2mp\vgui_schemevisualizer.obj
e:\cryoffear\source-sdk-2013\mp\src\game\client\release_mod_hl2mp\waterlodmaterialproxy.obj
e:\cryoffear\source-sdk-2013\mp\src\game\client\release_mod_hl2mp\weapon_selection.obj
e:\cryoffear\source-sdk-2013\mp\src\game\client\release_mod_hl2mp\intromenu.obj
e:\cryoffear\source-sdk-2013\mp\src\game\client\release_mod_hl2mp\basehlcombatweapon_shared.obj
e:\cryoffear\source-sdk-2013\mp\src\game\client\release_mod_hl2mp\c_ar2_explosion.obj
e:\cryoffear\source-sdk-2013\mp\src\game\client\release_mod_hl2mp\c_barney.obj
e:\cryoffear\source-sdk-2013\mp\src\game\client\release_mod_hl2mp\c_basehlplayer.obj
e:\cryoffear\source-sdk-2013\mp\src\game\client\release_mod_hl2mp\c_hl2_playerlocaldata.obj
e:\cryoffear\source-sdk-2013\mp\src\game\client\release_mod_hl2mp\c_npc_combinegunship.obj
e:\cryoffear\source-sdk-2013\mp\src\game\client\release_mod_hl2mp\c_vehicle_airboat.obj
e:\cryoffear\source-sdk-2013\mp\src\game\client\release_mod_hl2mp\hl_in_main.obj
e:\cryoffear\source-sdk-2013\mp\src\game\client\release_mod_hl2mp\hud_ammo.obj
e:\cryoffear\source-sdk-2013\mp\src\game\client\release_mod_hl2mp\hud_squadstatus.obj
e:\cryoffear\source-sdk-2013\mp\src\game\client\release_mod_hl2mp\hl2mp_weapon_parse.obj
e:\cryoffear\source-sdk-2013\mp\src\game\client\release_mod_hl2mp\backgroundpanel.obj
e:\cryoffear\source-sdk-2013\mp\src\game\client\release_mod_hl2mp\weapon_357.obj
e:\cryoffear\source-sdk-2013\mp\src\game\client\release_mod_hl2mp\weapon_crossbow.obj
e:\cryoffear\source-sdk-2013\mp\src\game\client\release_mod_hl2mp\weapon_hl2mpbase.obj
e:\cryoffear\source-sdk-2013\mp\src\game\client\release_mod_hl2mp\c_particle_smokegrenade.obj
e:\cryoffear\source-sdk-2013\mp\src\game\client\release_mod_hl2mp\c_stickybolt.obj
e:\cryoffear\source-sdk-2013\mp\src\game\client\release_mod_hl2mp\c_te_beampoints.obj
e:\cryoffear\source-sdk-2013\mp\src\game\client\release_mod_hl2mp\c_te_beamspline.obj
e:\cryoffear\source-sdk-2013\mp\src\game\client\release_mod_hl2mp\c_te_decal.obj
e:\cryoffear\source-sdk-2013\mp\src\game\client\release_mod_hl2mp\c_te_glassshatter.obj
e:\cryoffear\source-sdk-2013\mp\src\game\client\release_mod_hl2mp\c_te_showline.obj
e:\cryoffear\source-sdk-2013\mp\src\game\client\release_mod_hl2mp\c_te_sparks.obj
e:\cryoffear\source-sdk-2013\mp\src\game\client\release_mod_hl2mp\c_tracer.obj
e:\cryoffear\source-sdk-2013\mp\src\game\client\release_mod_hl2mp\fx_discreetline.obj
e:\cryoffear\source-sdk-2013\mp\src\game\client\release_mod_hl2mp\smoke_fog_overlay.obj
e:\cryoffear\source-sdk-2013\mp\src\game\client\release_mod_hl2mp\activitylist.obj
e:\cryoffear\source-sdk-2013\mp\src\game\client\release_mod_hl2mp\basepresence.obj
e:\cryoffear\source-sdk-2013\mp\src\game\client\release_mod_hl2mp\beamdraw.obj
e:\cryoffear\source-sdk-2013\mp\src\game\client\release_mod_hl2mp\c_ai_basenpc.obj
e:\cryoffear\source-sdk-2013\mp\src\game\client\release_mod_hl2mp\c_basecombatweapon.obj
e:\cryoffear\source-sdk-2013\mp\src\game\client\release_mod_hl2mp\c_env_fog_controller.obj
e:\cryoffear\source-sdk-2013\mp\src\game\client\release_mod_hl2mp\c_env_projectedtexture.obj
e:\cryoffear\source-sdk-2013\mp\src\game\client\release_mod_hl2mp\c_fire_smoke.obj
e:\cryoffear\source-sdk-2013\mp\src\game\client\release_mod_hl2mp\c_func_reflective_glass.obj
e:\cryoffear\source-sdk-2013\mp\src\game\client\release_mod_hl2mp\c_gib.obj
e:\cryoffear\source-sdk-2013\mp\src\game\client\release_mod_hl2mp\c_physbox.obj
e:\cryoffear\source-sdk-2013\mp\src\game\client\release_mod_hl2mp\c_plasma.obj
e:\cryoffear\source-sdk-2013\mp\src\game\client\release_mod_hl2mp\c_rope.obj
e:\cryoffear\source-sdk-2013\mp\src\game\client\release_mod_hl2mp\c_waterlodcontrol.obj
e:\cryoffear\source-sdk-2013\mp\src\game\client\release_mod_hl2mp\cdll_client_int.obj
e:\cryoffear\source-sdk-2013\mp\src\game\client\release_mod_hl2mp\hud_closecaption.obj
e:\cryoffear\source-sdk-2013\mp\src\game\client\release_mod_hl2mp\in_main.obj
e:\cryoffear\source-sdk-2013\mp\src\game\client\release_mod_hl2mp\particlesystemquery.obj
e:\cryoffear\source-sdk-2013\mp\src\game\client\release_mod_hl2mp\physics.obj
e:\cryoffear\source-sdk-2013\mp\src\game\client\release_mod_hl2mp\prediction.obj
e:\cryoffear\source-sdk-2013\mp\src\game\client\release_mod_hl2mp\studio_shared.obj
e:\cryoffear\source-sdk-2013\mp\src\game\client\release_mod_hl2mp\studio_stats.obj
e:\cryoffear\source-sdk-2013\mp\src\game\client\release_mod_hl2mp\vgui_bitmapbutton.obj
e:\cryoffear\source-sdk-2013\mp\src\game\client\release_mod_hl2mp\vgui_int.obj
e:\cryoffear\source-sdk-2013\mp\src\game\client\release_mod_hl2mp\view_beams.obj
e:\cryoffear\source-sdk-2013\mp\src\game\client\release_mod_hl2mp\viewdebug.obj
e:\cryoffear\source-sdk-2013\mp\src\game\client\release_mod_hl2mp\voice_status.obj
e:\cryoffear\source-sdk-2013\mp\src\game\client\release_mod_hl2mp\iconpanel.obj
e:\cryoffear\source-sdk-2013\mp\src\game\client\release_mod_hl2mp\navprogress.obj
e:\cryoffear\source-sdk-2013\mp\src\game\client\release_mod_hl2mp\c_antlion_dust.obj
e:\cryoffear\source-sdk-2013\mp\src\game\client\release_mod_hl2mp\c_barnacle.obj
e:\cryoffear\source-sdk-2013\mp\src\game\client\release_mod_hl2mp\c_basehlcombatweapon.obj
e:\cryoffear\source-sdk-2013\mp\src\game\client\release_mod_hl2mp\c_env_headcrabcanister.obj
e:\cryoffear\source-sdk-2013\mp\src\game\client\release_mod_hl2mp\c_plasma_beam_node.obj
e:\cryoffear\source-sdk-2013\mp\src\game\client\release_mod_hl2mp\c_script_intro.obj
e:\cryoffear\source-sdk-2013\mp\src\game\client\release_mod_hl2mp\c_vehicle_prisoner_pod.obj
e:\cryoffear\source-sdk-2013\mp\src\game\client\release_mod_hl2mp\fx_antlion.obj
e:\cryoffear\source-sdk-2013\mp\src\game\client\release_mod_hl2mp\hl2_usermessages.obj
e:\cryoffear\source-sdk-2013\mp\src\game\client\release_mod_hl2mp\hud_battery.obj
e:\cryoffear\source-sdk-2013\mp\src\game\client\release_mod_hl2mp\hud_quickinfo.obj
e:\cryoffear\source-sdk-2013\mp\src\game\client\release_mod_hl2mp\clientmode_hl2mpnormal.obj
e:\cryoffear\source-sdk-2013\mp\src\game\client\release_mod_hl2mp\weapon_slam.obj
e:\cryoffear\source-sdk-2013\mp\src\game\client\release_mod_hl2mp\c_prop_vehicle.obj
e:\cryoffear\source-sdk-2013\mp\src\game\client\release_mod_hl2mp\c_te_killplayerattachments.obj
e:\cryoffear\source-sdk-2013\mp\src\game\client\release_mod_hl2mp\c_te_physicsprop.obj
e:\cryoffear\source-sdk-2013\mp\src\game\client\release_mod_hl2mp\c_te_worlddecal.obj
e:\cryoffear\source-sdk-2013\mp\src\game\client\release_mod_hl2mp\fx_line.obj
e:\cryoffear\source-sdk-2013\mp\src\game\client\release_mod_hl2mp\dt_utlvector_common.obj
e:\cryoffear\source-sdk-2013\mp\src\game\client\release_mod_hl2mp\interpolatortypes.obj
e:\cryoffear\source-sdk-2013\mp\src\game\client\release_mod_hl2mp\memoverride.obj
e:\cryoffear\source-sdk-2013\mp\src\game\client\release_mod_hl2mp\rendertexture.obj
e:\cryoffear\source-sdk-2013\mp\src\game\client\release_mod_hl2mp\sheetsimulator.obj
e:\cryoffear\source-sdk-2013\mp\src\game\client\release_mod_hl2mp\collisionutils.obj
e:\cryoffear\source-sdk-2013\mp\src\game\client\release_mod_hl2mp\interval.obj
e:\cryoffear\source-sdk-2013\mp\src\game\client\release_mod_hl2mp\mumble.obj
e:\cryoffear\source-sdk-2013\mp\src\game\client\release_mod_hl2mp\dt_recv.obj
e:\cryoffear\source-sdk-2013\mp\src\game\client\release_mod_hl2mp\hud_lcd.obj
e:\cryoffear\source-sdk-2013\mp\src\game\client\release_mod_hl2mp\client_class.obj
e:\cryoffear\source-sdk-2013\mp\src\game\client\release_mod_hl2mp\randoverride.obj
e:\cryoffear\source-sdk-2013\mp\src\game\client\release_mod_hl2mp\scratchpad3d.obj
e:\cryoffear\source-sdk-2013\mp\src\game\client\release_mod_hl2mp\simple_physics.obj
e:\cryoffear\source-sdk-2013\mp\src\game\client\release_mod_hl2mp\vallocator.obj
e:\cryoffear\source-sdk-2013\mp\src\game\client\release_mod_hl2mp\bone_setup.obj
e:\cryoffear\source-sdk-2013\mp\src\game\client\release_mod_hl2mp\renamed_recvtable_compat.obj
e:\cryoffear\source-sdk-2013\mp\src\game\client\release_mod_hl2mp\rope_physics.obj
e:\cryoffear\source-sdk-2013\mp\src\game\client\release_mod_hl2mp\sentence.obj
e:\cryoffear\source-sdk-2013\mp\src\game\client\release_mod_hl2mp\vgui_controls.obj
e:\cryoffear\source-sdk-2013\mp\src\game\client\release_mod_hl2mp\compiledcaptionswap.obj
e:\cryoffear\source-sdk-2013\mp\src\game\client\release_mod_hl2mp\language.obj
e:\cryoffear\source-sdk-2013\mp\src\game\client\release_mod_hl2mp\networkvar.obj
e:\cryoffear\source-sdk-2013\mp\src\game\client\release_mod_hl2mp\posedebugger.obj
e:\cryoffear\source-sdk-2013\mp\src\game\client\release_mod_hl2mp\stringregistry.obj
e:\cryoffear\source-sdk-2013\mp\src\game\client\release_mod_hl2mp\dt_utlvector_recv.obj
e:\cryoffear\source-sdk-2013\mp\src\game\client\release_mod_hl2mp\in_mouse.obj
e:\cryoffear\source-sdk-2013\mp\src\game\client\release_mod_hl2mp\crtmemdebug.obj
e:\cryoffear\source-sdk-2013\mp\src\game\client\release_mod_hl2mp\filesystem_helpers.obj
e:\cryoffear\source-sdk-2013\mp\src\game\client\release_mod_hl2mp\jigglebones.obj
e:\cryoffear\source-sdk-2013\mp\src\game\client\release_mod_hl2mp\scratchpadutils.obj
e:\cryoffear\source-sdk-2013\mp\src\game\client\release_mod_hl2mp\studio.obj
e:\cryoffear\source-sdk-2013\mp\src\game\client\release_mod_hl2mp\client.lib
e:\cryoffear\source-sdk-2013\mp\src\game\client\release_mod_hl2mp\client.exp
e:\cryoffear\source-sdk-2013\mp\src\game\client\release_mod_hl2mp\pointeroverride.obj
e:\cryoffear\source-sdk-2013\mp\src\game\client\client_hl2mp.vpc.sentinel
e:\cryoffear\source-sdk-2013\mp\src\game\client\release_mod_hl2mp\client.dll
e:\cryoffear\source-sdk-2013\mp\src\game\client\release_mod_hl2mp\client.pdb
e:\cryoffear\source-sdk-2013\mp\src\game\client\.\release_mod_hl2mp\client.dll
e:\cryoffear\source-sdk-2013\mp\src\game\client\release_mod_hl2mp\client (hl2mp).tlog\cl.command.1.tlog
e:\cryoffear\source-sdk-2013\mp\src\game\client\release_mod_hl2mp\client (hl2mp).tlog\cl.read.1.tlog
e:\cryoffear\source-sdk-2013\mp\src\game\client\release_mod_hl2mp\client (hl2mp).tlog\cl.write.1.tlog
e:\cryoffear\source-sdk-2013\mp\src\game\client\release_mod_hl2mp\client (hl2mp).tlog\client (hl2mp).write.1u.tlog
e:\cryoffear\source-sdk-2013\mp\src\game\client\release_mod_hl2mp\client (hl2mp).tlog\custombuild.command.1.tlog
e:\cryoffear\source-sdk-2013\mp\src\game\client\release_mod_hl2mp\client (hl2mp).tlog\custombuild.read.1.tlog
e:\cryoffear\source-sdk-2013\mp\src\game\client\release_mod_hl2mp\client (hl2mp).tlog\custombuild.write.1.tlog
e:\cryoffear\source-sdk-2013\mp\src\game\client\release_mod_hl2mp\client (hl2mp).tlog\link.command.1.tlog
e:\cryoffear\source-sdk-2013\mp\src\game\client\release_mod_hl2mp\client (hl2mp).tlog\link.read.1.tlog
e:\cryoffear\source-sdk-2013\mp\src\game\client\release_mod_hl2mp\client (hl2mp).tlog\link.write.1.tlog
